current directory: /home/oli/oliver-siebert.github.io/gems/json-2.19.3/ext/json/ext/parser
/usr/bin/ruby extconf.rb
checking for rb_enc_interned_str() in ruby/encoding.h... yes
checking for rb_str_to_interned_str() in ruby.h... yes
checking for rb_hash_new_capa() in ruby.h... yes
checking for rb_hash_bulk_insert() in ruby.h... yes
checking for whether -std=c99 is accepted as CFLAGS... yes
checking for x86intrin.h... yes
checking for cpuid.h... yes
creating Makefile

current directory: /home/oli/oliver-siebert.github.io/gems/json-2.19.3/ext/json/ext/parser
make DESTDIR\= sitearchdir\=./.gem.20260403-46795-dhh3e7 sitelibdir\=./.gem.20260403-46795-dhh3e7 clean

current directory: /home/oli/oliver-siebert.github.io/gems/json-2.19.3/ext/json/ext/parser
make DESTDIR\= sitearchdir\=./.gem.20260403-46795-dhh3e7 sitelibdir\=./.gem.20260403-46795-dhh3e7
compiling parser.c
linking shared-object json/ext/parser.so

current directory: /home/oli/oliver-siebert.github.io/gems/json-2.19.3/ext/json/ext/parser
make DESTDIR\= sitearchdir\=./.gem.20260403-46795-dhh3e7 sitelibdir\=./.gem.20260403-46795-dhh3e7 install
/usr/bin/install -c -m 0755 parser.so ./.gem.20260403-46795-dhh3e7/json/ext

current directory: /home/oli/oliver-siebert.github.io/gems/json-2.19.3/ext/json/ext/parser
make DESTDIR\= sitearchdir\=./.gem.20260403-46795-dhh3e7 sitelibdir\=./.gem.20260403-46795-dhh3e7 clean
