current directory: /home/oli/oliver-siebert.github.io/gems/prism-1.9.0/ext/prism
/usr/bin/ruby extconf.rb
checking for prism.h in /home/oli/oliver-siebert.github.io/gems/prism-1.9.0/include... yes
checking for prism/extension.h in /home/oli/oliver-siebert.github.io/gems/prism-1.9.0/ext... yes
checking for whether -fvisibility=hidden is accepted as CFLAGS... yes
creating Makefile

current directory: /home/oli/oliver-siebert.github.io/gems/prism-1.9.0/ext/prism
make DESTDIR\= sitearchdir\=./.gem.20260403-46795-561b6l sitelibdir\=./.gem.20260403-46795-561b6l clean

current directory: /home/oli/oliver-siebert.github.io/gems/prism-1.9.0/ext/prism
make DESTDIR\= sitearchdir\=./.gem.20260403-46795-561b6l sitelibdir\=./.gem.20260403-46795-561b6l
compiling api_node.c
compiling api_pack.c
compiling extension.c
compiling ./../../src/diagnostic.c
compiling ./../../src/encoding.c
compiling ./../../src/node.c
compiling ./../../src/options.c
compiling ./../../src/pack.c
compiling ./../../src/prettyprint.c
compiling ./../../src/prism.c
compiling ./../../src/regexp.c
compiling ./../../src/serialize.c
compiling ./../../src/static_literals.c
compiling ./../../src/token_type.c
compiling ./../../src/util/pm_buffer.c
compiling ./../../src/util/pm_char.c
compiling ./../../src/util/pm_constant_pool.c
compiling ./../../src/util/pm_integer.c
compiling ./../../src/util/pm_list.c
compiling ./../../src/util/pm_memchr.c
./../../src/util/pm_memchr.c: In Funktion »pm_memchr«:
./../../src/util/pm_memchr.c:31:16: Warnung: return streicht Qualifizierer »const« von Zeiger-Zieltyp [-Wdiscarded-qualifiers]
   31 |         return memchr(memory, character, number);
      |                ^~~~~~
compiling ./../../src/util/pm_newline_list.c
compiling ./../../src/util/pm_string.c
compiling ./../../src/util/pm_strncasecmp.c
compiling ./../../src/util/pm_strpbrk.c
linking shared-object prism/prism.so

current directory: /home/oli/oliver-siebert.github.io/gems/prism-1.9.0/ext/prism
make DESTDIR\= sitearchdir\=./.gem.20260403-46795-561b6l sitelibdir\=./.gem.20260403-46795-561b6l install
/usr/bin/install -c -m 0755 prism.so ./.gem.20260403-46795-561b6l/prism

current directory: /home/oli/oliver-siebert.github.io/gems/prism-1.9.0/ext/prism
make DESTDIR\= sitearchdir\=./.gem.20260403-46795-561b6l sitelibdir\=./.gem.20260403-46795-561b6l clean
