have_builtin_func: checking for __builtin_clz()... -------------------- yes

LD_LIBRARY_PATH=.:/usr/lib ASAN_OPTIONS=detect_leaks=0 "gcc -o conftest -I/usr/include/ruby-3.4.0/x86_64-linux -I/usr/include/ruby-3.4.0/ruby/backward -I/usr/include/ruby-3.4.0 -I.    -march=x86-64 -mtune=generic -O2 -pipe -fno-plt -fexceptions         -Wp,-D_FORTIFY_SOURCE=2 -Wformat -Werror=format-security         -fstack-clash-protection -fcf-protection         -fno-omit-frame-pointer -mno-omit-leaf-frame-pointer -g -ffile-prefix-map=/build/ruby/src=/usr/src/debug/ruby -flto=auto -fPIC conftest.c -L. -L/usr/lib -L. -Wl,-O1 -Wl,--sort-common -Wl,--as-needed -Wl,-z,relro -Wl,-z,now          -Wl,-z,pack-relative-relocs -flto=auto -fstack-protector-strong -rdynamic -Wl,-export-dynamic -Wl,--no-as-needed     -lruby  -lm -lpthread  -lc"
checked program was:
/* begin */
1: #include "ruby.h"
2: 
3: int main(int argc, char **argv)
4: {
5:   return !!argv[argc];
6: }
/* end */

LD_LIBRARY_PATH=.:/usr/lib ASAN_OPTIONS=detect_leaks=0 "gcc -I/usr/include/ruby-3.4.0/x86_64-linux -I/usr/include/ruby-3.4.0/ruby/backward -I/usr/include/ruby-3.4.0 -I.    -march=x86-64 -mtune=generic -O2 -pipe -fno-plt -fexceptions         -Wp,-D_FORTIFY_SOURCE=2 -Wformat -Werror=format-security         -fstack-clash-protection -fcf-protection         -fno-omit-frame-pointer -mno-omit-leaf-frame-pointer -g -ffile-prefix-map=/build/ruby/src=/usr/src/debug/ruby -flto=auto -fPIC   -c conftest.c"
checked program was:
/* begin */
1: #include "ruby.h"
2: 
3: int foo;
4: int main() { __builtin_clz(0); return 0; }
/* end */

--------------------

have_builtin_func: checking for __builtin_clzl()... -------------------- yes

LD_LIBRARY_PATH=.:/usr/lib ASAN_OPTIONS=detect_leaks=0 "gcc -I/usr/include/ruby-3.4.0/x86_64-linux -I/usr/include/ruby-3.4.0/ruby/backward -I/usr/include/ruby-3.4.0 -I.    -march=x86-64 -mtune=generic -O2 -pipe -fno-plt -fexceptions         -Wp,-D_FORTIFY_SOURCE=2 -Wformat -Werror=format-security         -fstack-clash-protection -fcf-protection         -fno-omit-frame-pointer -mno-omit-leaf-frame-pointer -g -ffile-prefix-map=/build/ruby/src=/usr/src/debug/ruby -flto=auto -fPIC   -c conftest.c"
checked program was:
/* begin */
1: #include "ruby.h"
2: 
3: int foo;
4: int main() { __builtin_clzl(0); return 0; }
/* end */

--------------------

have_builtin_func: checking for __builtin_clzll()... -------------------- yes

LD_LIBRARY_PATH=.:/usr/lib ASAN_OPTIONS=detect_leaks=0 "gcc -I/usr/include/ruby-3.4.0/x86_64-linux -I/usr/include/ruby-3.4.0/ruby/backward -I/usr/include/ruby-3.4.0 -I.    -march=x86-64 -mtune=generic -O2 -pipe -fno-plt -fexceptions         -Wp,-D_FORTIFY_SOURCE=2 -Wformat -Werror=format-security         -fstack-clash-protection -fcf-protection         -fno-omit-frame-pointer -mno-omit-leaf-frame-pointer -g -ffile-prefix-map=/build/ruby/src=/usr/src/debug/ruby -flto=auto -fPIC   -c conftest.c"
checked program was:
/* begin */
1: #include "ruby.h"
2: 
3: int foo;
4: int main() { __builtin_clzll(0); return 0; }
/* end */

--------------------

have_header: checking for float.h... -------------------- yes

LD_LIBRARY_PATH=.:/usr/lib ASAN_OPTIONS=detect_leaks=0 "gcc -I/usr/include/ruby-3.4.0/x86_64-linux -I/usr/include/ruby-3.4.0/ruby/backward -I/usr/include/ruby-3.4.0 -I.    -march=x86-64 -mtune=generic -O2 -pipe -fno-plt -fexceptions         -Wp,-D_FORTIFY_SOURCE=2 -Wformat -Werror=format-security         -fstack-clash-protection -fcf-protection         -fno-omit-frame-pointer -mno-omit-leaf-frame-pointer -g -ffile-prefix-map=/build/ruby/src=/usr/src/debug/ruby -flto=auto -fPIC   -c conftest.c"
checked program was:
/* begin */
1: #include "ruby.h"
2: 
3: #include <float.h>
/* end */

--------------------

have_header: checking for math.h... -------------------- yes

LD_LIBRARY_PATH=.:/usr/lib ASAN_OPTIONS=detect_leaks=0 "gcc -I/usr/include/ruby-3.4.0/x86_64-linux -I/usr/include/ruby-3.4.0/ruby/backward -I/usr/include/ruby-3.4.0 -I.    -march=x86-64 -mtune=generic -O2 -pipe -fno-plt -fexceptions         -Wp,-D_FORTIFY_SOURCE=2 -Wformat -Werror=format-security         -fstack-clash-protection -fcf-protection         -fno-omit-frame-pointer -mno-omit-leaf-frame-pointer -g -ffile-prefix-map=/build/ruby/src=/usr/src/debug/ruby -flto=auto -fPIC   -c conftest.c"
checked program was:
/* begin */
1: #include "ruby.h"
2: 
3: #include <math.h>
/* end */

--------------------

have_header: checking for stdbool.h... -------------------- yes

LD_LIBRARY_PATH=.:/usr/lib ASAN_OPTIONS=detect_leaks=0 "gcc -I/usr/include/ruby-3.4.0/x86_64-linux -I/usr/include/ruby-3.4.0/ruby/backward -I/usr/include/ruby-3.4.0 -I.    -march=x86-64 -mtune=generic -O2 -pipe -fno-plt -fexceptions         -Wp,-D_FORTIFY_SOURCE=2 -Wformat -Werror=format-security         -fstack-clash-protection -fcf-protection         -fno-omit-frame-pointer -mno-omit-leaf-frame-pointer -g -ffile-prefix-map=/build/ruby/src=/usr/src/debug/ruby -flto=auto -fPIC   -c conftest.c"
checked program was:
/* begin */
1: #include "ruby.h"
2: 
3: #include <stdbool.h>
/* end */

--------------------

have_header: checking for stdlib.h... -------------------- yes

LD_LIBRARY_PATH=.:/usr/lib ASAN_OPTIONS=detect_leaks=0 "gcc -I/usr/include/ruby-3.4.0/x86_64-linux -I/usr/include/ruby-3.4.0/ruby/backward -I/usr/include/ruby-3.4.0 -I.    -march=x86-64 -mtune=generic -O2 -pipe -fno-plt -fexceptions         -Wp,-D_FORTIFY_SOURCE=2 -Wformat -Werror=format-security         -fstack-clash-protection -fcf-protection         -fno-omit-frame-pointer -mno-omit-leaf-frame-pointer -g -ffile-prefix-map=/build/ruby/src=/usr/src/debug/ruby -flto=auto -fPIC   -c conftest.c"
checked program was:
/* begin */
1: #include "ruby.h"
2: 
3: #include <stdlib.h>
/* end */

--------------------

have_header: checking for x86intrin.h... -------------------- yes

LD_LIBRARY_PATH=.:/usr/lib ASAN_OPTIONS=detect_leaks=0 "gcc -I/usr/include/ruby-3.4.0/x86_64-linux -I/usr/include/ruby-3.4.0/ruby/backward -I/usr/include/ruby-3.4.0 -I.    -march=x86-64 -mtune=generic -O2 -pipe -fno-plt -fexceptions         -Wp,-D_FORTIFY_SOURCE=2 -Wformat -Werror=format-security         -fstack-clash-protection -fcf-protection         -fno-omit-frame-pointer -mno-omit-leaf-frame-pointer -g -ffile-prefix-map=/build/ruby/src=/usr/src/debug/ruby -flto=auto -fPIC   -c conftest.c"
checked program was:
/* begin */
1: #include "ruby.h"
2: 
3: #include <x86intrin.h>
/* end */

--------------------

have_func: checking for _lzcnt_u32() in x86intrin.h... -------------------- no

LD_LIBRARY_PATH=.:/usr/lib ASAN_OPTIONS=detect_leaks=0 "gcc -o conftest -I/usr/include/ruby-3.4.0/x86_64-linux -I/usr/include/ruby-3.4.0/ruby/backward -I/usr/include/ruby-3.4.0 -I.    -march=x86-64 -mtune=generic -O2 -pipe -fno-plt -fexceptions         -Wp,-D_FORTIFY_SOURCE=2 -Wformat -Werror=format-security         -fstack-clash-protection -fcf-protection         -fno-omit-frame-pointer -mno-omit-leaf-frame-pointer -g -ffile-prefix-map=/build/ruby/src=/usr/src/debug/ruby -flto=auto -fPIC conftest.c -L. -L/usr/lib -L. -Wl,-O1 -Wl,--sort-common -Wl,--as-needed -Wl,-z,relro -Wl,-z,now          -Wl,-z,pack-relative-relocs -flto=auto -fstack-protector-strong -rdynamic -Wl,-export-dynamic -Wl,--no-as-needed     -lruby  -lm -lpthread  -lc"
/usr/bin/ld: /tmp/cckVJGcU.ltrans0.ltrans.o: in function `t':
/home/oli/oliver-siebert.github.io/gems/bigdecimal-4.1.0/ext/bigdecimal/conftest.c:16:(.text+0xb): undefined reference to `_lzcnt_u32'
collect2: Fehler: ld gab 1 als Ende-Status zurück
checked program was:
/* begin */
 1: #include "ruby.h"
 2: 
 3: #include <x86intrin.h>
 4: 
 5: /*top*/
 6: extern int t(void);
 7: int main(int argc, char **argv)
 8: {
 9:   if (argc > 1000000) {
10:     int (* volatile tp)(void)=(int (*)(void))&t;
11:     printf("%d", (*tp)());
12:   }
13: 
14:   return !!argv[argc];
15: }
16: int t(void) { void ((*volatile p)()); p = (void ((*)()))_lzcnt_u32; return !p; }
/* end */

LD_LIBRARY_PATH=.:/usr/lib ASAN_OPTIONS=detect_leaks=0 "gcc -o conftest -I/usr/include/ruby-3.4.0/x86_64-linux -I/usr/include/ruby-3.4.0/ruby/backward -I/usr/include/ruby-3.4.0 -I.    -march=x86-64 -mtune=generic -O2 -pipe -fno-plt -fexceptions         -Wp,-D_FORTIFY_SOURCE=2 -Wformat -Werror=format-security         -fstack-clash-protection -fcf-protection         -fno-omit-frame-pointer -mno-omit-leaf-frame-pointer -g -ffile-prefix-map=/build/ruby/src=/usr/src/debug/ruby -flto=auto -fPIC conftest.c -L. -L/usr/lib -L. -Wl,-O1 -Wl,--sort-common -Wl,--as-needed -Wl,-z,relro -Wl,-z,now          -Wl,-z,pack-relative-relocs -flto=auto -fstack-protector-strong -rdynamic -Wl,-export-dynamic -Wl,--no-as-needed     -lruby  -lm -lpthread  -lc"
conftest.c:16:13: Fehler: abweichende Typen für »_lzcnt_u32«; der bestehende Typ ist »void(void)«
   16 | extern void _lzcnt_u32();
      |             ^~~~~~~~~~
In Datei, eingebunden von /usr/lib/gcc/x86_64-pc-linux-gnu/15.2.1/include/x86gprintrin.h:61,
                 von /usr/lib/gcc/x86_64-pc-linux-gnu/15.2.1/include/x86intrin.h:27,
                 von conftest.c:3:
/usr/lib/gcc/x86_64-pc-linux-gnu/15.2.1/include/lzcntintrin.h:51:1: Anmerkung: vorherige Definition von »_lzcnt_u32« vom Typ »unsigned int(unsigned int)«
   51 | _lzcnt_u32 (unsigned int __X)
      | ^~~~~~~~~~
checked program was:
/* begin */
 1: #include "ruby.h"
 2: 
 3: #include <x86intrin.h>
 4: 
 5: /*top*/
 6: extern int t(void);
 7: int main(int argc, char **argv)
 8: {
 9:   if (argc > 1000000) {
10:     int (* volatile tp)(void)=(int (*)(void))&t;
11:     printf("%d", (*tp)());
12:   }
13: 
14:   return !!argv[argc];
15: }
16: extern void _lzcnt_u32();
17: int t(void) { _lzcnt_u32(); return 0; }
/* end */

--------------------

have_func: checking for _lzcnt_u64() in x86intrin.h... -------------------- no

LD_LIBRARY_PATH=.:/usr/lib ASAN_OPTIONS=detect_leaks=0 "gcc -o conftest -I/usr/include/ruby-3.4.0/x86_64-linux -I/usr/include/ruby-3.4.0/ruby/backward -I/usr/include/ruby-3.4.0 -I.    -march=x86-64 -mtune=generic -O2 -pipe -fno-plt -fexceptions         -Wp,-D_FORTIFY_SOURCE=2 -Wformat -Werror=format-security         -fstack-clash-protection -fcf-protection         -fno-omit-frame-pointer -mno-omit-leaf-frame-pointer -g -ffile-prefix-map=/build/ruby/src=/usr/src/debug/ruby -flto=auto -fPIC conftest.c -L. -L/usr/lib -L. -Wl,-O1 -Wl,--sort-common -Wl,--as-needed -Wl,-z,relro -Wl,-z,now          -Wl,-z,pack-relative-relocs -flto=auto -fstack-protector-strong -rdynamic -Wl,-export-dynamic -Wl,--no-as-needed     -lruby  -lm -lpthread  -lc"
/usr/bin/ld: /tmp/ccJv9gKj.ltrans0.ltrans.o: in function `t':
/home/oli/oliver-siebert.github.io/gems/bigdecimal-4.1.0/ext/bigdecimal/conftest.c:16:(.text+0xb): undefined reference to `_lzcnt_u64'
collect2: Fehler: ld gab 1 als Ende-Status zurück
checked program was:
/* begin */
 1: #include "ruby.h"
 2: 
 3: #include <x86intrin.h>
 4: 
 5: /*top*/
 6: extern int t(void);
 7: int main(int argc, char **argv)
 8: {
 9:   if (argc > 1000000) {
10:     int (* volatile tp)(void)=(int (*)(void))&t;
11:     printf("%d", (*tp)());
12:   }
13: 
14:   return !!argv[argc];
15: }
16: int t(void) { void ((*volatile p)()); p = (void ((*)()))_lzcnt_u64; return !p; }
/* end */

LD_LIBRARY_PATH=.:/usr/lib ASAN_OPTIONS=detect_leaks=0 "gcc -o conftest -I/usr/include/ruby-3.4.0/x86_64-linux -I/usr/include/ruby-3.4.0/ruby/backward -I/usr/include/ruby-3.4.0 -I.    -march=x86-64 -mtune=generic -O2 -pipe -fno-plt -fexceptions         -Wp,-D_FORTIFY_SOURCE=2 -Wformat -Werror=format-security         -fstack-clash-protection -fcf-protection         -fno-omit-frame-pointer -mno-omit-leaf-frame-pointer -g -ffile-prefix-map=/build/ruby/src=/usr/src/debug/ruby -flto=auto -fPIC conftest.c -L. -L/usr/lib -L. -Wl,-O1 -Wl,--sort-common -Wl,--as-needed -Wl,-z,relro -Wl,-z,now          -Wl,-z,pack-relative-relocs -flto=auto -fstack-protector-strong -rdynamic -Wl,-export-dynamic -Wl,--no-as-needed     -lruby  -lm -lpthread  -lc"
conftest.c:16:13: Fehler: abweichende Typen für »_lzcnt_u64«; der bestehende Typ ist »void(void)«
   16 | extern void _lzcnt_u64();
      |             ^~~~~~~~~~
In Datei, eingebunden von /usr/lib/gcc/x86_64-pc-linux-gnu/15.2.1/include/x86gprintrin.h:61,
                 von /usr/lib/gcc/x86_64-pc-linux-gnu/15.2.1/include/x86intrin.h:27,
                 von conftest.c:3:
/usr/lib/gcc/x86_64-pc-linux-gnu/15.2.1/include/lzcntintrin.h:64:1: Anmerkung: vorherige Definition von »_lzcnt_u64« vom Typ »long long unsigned int(long long unsigned int)«
   64 | _lzcnt_u64 (unsigned long long __X)
      | ^~~~~~~~~~
checked program was:
/* begin */
 1: #include "ruby.h"
 2: 
 3: #include <x86intrin.h>
 4: 
 5: /*top*/
 6: extern int t(void);
 7: int main(int argc, char **argv)
 8: {
 9:   if (argc > 1000000) {
10:     int (* volatile tp)(void)=(int (*)(void))&t;
11:     printf("%d", (*tp)());
12:   }
13: 
14:   return !!argv[argc];
15: }
16: extern void _lzcnt_u64();
17: int t(void) { _lzcnt_u64(); return 0; }
/* end */

--------------------

have_header: checking for intrin.h... -------------------- no

LD_LIBRARY_PATH=.:/usr/lib ASAN_OPTIONS=detect_leaks=0 "gcc -I/usr/include/ruby-3.4.0/x86_64-linux -I/usr/include/ruby-3.4.0/ruby/backward -I/usr/include/ruby-3.4.0 -I.    -march=x86-64 -mtune=generic -O2 -pipe -fno-plt -fexceptions         -Wp,-D_FORTIFY_SOURCE=2 -Wformat -Werror=format-security         -fstack-clash-protection -fcf-protection         -fno-omit-frame-pointer -mno-omit-leaf-frame-pointer -g -ffile-prefix-map=/build/ruby/src=/usr/src/debug/ruby -flto=auto -fPIC   -c conftest.c"
conftest.c:3:10: schwerwiegender Fehler: intrin.h: Datei oder Verzeichnis nicht gefunden
    3 | #include <intrin.h>
      |          ^~~~~~~~~~
Kompilierung beendet.
checked program was:
/* begin */
1: #include "ruby.h"
2: 
3: #include <intrin.h>
/* end */

--------------------

have_header: checking for ruby/atomic.h... -------------------- yes

LD_LIBRARY_PATH=.:/usr/lib ASAN_OPTIONS=detect_leaks=0 "gcc -I/usr/include/ruby-3.4.0/x86_64-linux -I/usr/include/ruby-3.4.0/ruby/backward -I/usr/include/ruby-3.4.0 -I.    -march=x86-64 -mtune=generic -O2 -pipe -fno-plt -fexceptions         -Wp,-D_FORTIFY_SOURCE=2 -Wformat -Werror=format-security         -fstack-clash-protection -fcf-protection         -fno-omit-frame-pointer -mno-omit-leaf-frame-pointer -g -ffile-prefix-map=/build/ruby/src=/usr/src/debug/ruby -flto=auto -fPIC   -c conftest.c"
checked program was:
/* begin */
1: #include "ruby.h"
2: 
3: #include <ruby/atomic.h>
/* end */

--------------------

have_header: checking for ruby/internal/has/builtin.h... -------------------- yes

LD_LIBRARY_PATH=.:/usr/lib ASAN_OPTIONS=detect_leaks=0 "gcc -I/usr/include/ruby-3.4.0/x86_64-linux -I/usr/include/ruby-3.4.0/ruby/backward -I/usr/include/ruby-3.4.0 -I.    -march=x86-64 -mtune=generic -O2 -pipe -fno-plt -fexceptions         -Wp,-D_FORTIFY_SOURCE=2 -Wformat -Werror=format-security         -fstack-clash-protection -fcf-protection         -fno-omit-frame-pointer -mno-omit-leaf-frame-pointer -g -ffile-prefix-map=/build/ruby/src=/usr/src/debug/ruby -flto=auto -fPIC   -c conftest.c"
checked program was:
/* begin */
1: #include "ruby.h"
2: 
3: #include <ruby/internal/has/builtin.h>
/* end */

--------------------

have_header: checking for ruby/internal/static_assert.h... -------------------- yes

LD_LIBRARY_PATH=.:/usr/lib ASAN_OPTIONS=detect_leaks=0 "gcc -I/usr/include/ruby-3.4.0/x86_64-linux -I/usr/include/ruby-3.4.0/ruby/backward -I/usr/include/ruby-3.4.0 -I.    -march=x86-64 -mtune=generic -O2 -pipe -fno-plt -fexceptions         -Wp,-D_FORTIFY_SOURCE=2 -Wformat -Werror=format-security         -fstack-clash-protection -fcf-protection         -fno-omit-frame-pointer -mno-omit-leaf-frame-pointer -g -ffile-prefix-map=/build/ruby/src=/usr/src/debug/ruby -flto=auto -fPIC   -c conftest.c"
checked program was:
/* begin */
1: #include "ruby.h"
2: 
3: #include <ruby/internal/static_assert.h>
/* end */

--------------------

have_func: checking for rb_complex_real() in ruby.h... -------------------- yes

LD_LIBRARY_PATH=.:/usr/lib ASAN_OPTIONS=detect_leaks=0 "gcc -o conftest -I/usr/include/ruby-3.4.0/x86_64-linux -I/usr/include/ruby-3.4.0/ruby/backward -I/usr/include/ruby-3.4.0 -I.    -march=x86-64 -mtune=generic -O2 -pipe -fno-plt -fexceptions         -Wp,-D_FORTIFY_SOURCE=2 -Wformat -Werror=format-security         -fstack-clash-protection -fcf-protection         -fno-omit-frame-pointer -mno-omit-leaf-frame-pointer -g -ffile-prefix-map=/build/ruby/src=/usr/src/debug/ruby -flto=auto -fPIC conftest.c -L. -L/usr/lib -L. -Wl,-O1 -Wl,--sort-common -Wl,--as-needed -Wl,-z,relro -Wl,-z,now          -Wl,-z,pack-relative-relocs -flto=auto -fstack-protector-strong -rdynamic -Wl,-export-dynamic -Wl,--no-as-needed     -lruby  -lm -lpthread  -lc"
checked program was:
/* begin */
 1: #include "ruby.h"
 2: 
 3: #include <ruby.h>
 4: 
 5: /*top*/
 6: extern int t(void);
 7: int main(int argc, char **argv)
 8: {
 9:   if (argc > 1000000) {
10:     int (* volatile tp)(void)=(int (*)(void))&t;
11:     printf("%d", (*tp)());
12:   }
13: 
14:   return !!argv[argc];
15: }
16: int t(void) { void ((*volatile p)()); p = (void ((*)()))rb_complex_real; return !p; }
/* end */

--------------------

have_func: checking for rb_complex_imag() in ruby.h... -------------------- yes

LD_LIBRARY_PATH=.:/usr/lib ASAN_OPTIONS=detect_leaks=0 "gcc -o conftest -I/usr/include/ruby-3.4.0/x86_64-linux -I/usr/include/ruby-3.4.0/ruby/backward -I/usr/include/ruby-3.4.0 -I.    -march=x86-64 -mtune=generic -O2 -pipe -fno-plt -fexceptions         -Wp,-D_FORTIFY_SOURCE=2 -Wformat -Werror=format-security         -fstack-clash-protection -fcf-protection         -fno-omit-frame-pointer -mno-omit-leaf-frame-pointer -g -ffile-prefix-map=/build/ruby/src=/usr/src/debug/ruby -flto=auto -fPIC conftest.c -L. -L/usr/lib -L. -Wl,-O1 -Wl,--sort-common -Wl,--as-needed -Wl,-z,relro -Wl,-z,now          -Wl,-z,pack-relative-relocs -flto=auto -fstack-protector-strong -rdynamic -Wl,-export-dynamic -Wl,--no-as-needed     -lruby  -lm -lpthread  -lc"
checked program was:
/* begin */
 1: #include "ruby.h"
 2: 
 3: #include <ruby.h>
 4: 
 5: /*top*/
 6: extern int t(void);
 7: int main(int argc, char **argv)
 8: {
 9:   if (argc > 1000000) {
10:     int (* volatile tp)(void)=(int (*)(void))&t;
11:     printf("%d", (*tp)());
12:   }
13: 
14:   return !!argv[argc];
15: }
16: int t(void) { void ((*volatile p)()); p = (void ((*)()))rb_complex_imag; return !p; }
/* end */

--------------------

have_func: checking for rb_opts_exception_p() in ruby.h... -------------------- yes

LD_LIBRARY_PATH=.:/usr/lib ASAN_OPTIONS=detect_leaks=0 "gcc -o conftest -I/usr/include/ruby-3.4.0/x86_64-linux -I/usr/include/ruby-3.4.0/ruby/backward -I/usr/include/ruby-3.4.0 -I.    -march=x86-64 -mtune=generic -O2 -pipe -fno-plt -fexceptions         -Wp,-D_FORTIFY_SOURCE=2 -Wformat -Werror=format-security         -fstack-clash-protection -fcf-protection         -fno-omit-frame-pointer -mno-omit-leaf-frame-pointer -g -ffile-prefix-map=/build/ruby/src=/usr/src/debug/ruby -flto=auto -fPIC conftest.c -L. -L/usr/lib -L. -Wl,-O1 -Wl,--sort-common -Wl,--as-needed -Wl,-z,relro -Wl,-z,now          -Wl,-z,pack-relative-relocs -flto=auto -fstack-protector-strong -rdynamic -Wl,-export-dynamic -Wl,--no-as-needed     -lruby  -lm -lpthread  -lc"
conftest.c: In Funktion »t«:
conftest.c:16:57: Fehler: »rb_opts_exception_p« nicht deklariert (erstmalige Verwendung in dieser Funktion); meinten Sie »rb_make_exception«?
   16 | int t(void) { void ((*volatile p)()); p = (void ((*)()))rb_opts_exception_p; return !p; }
      |                                                         ^~~~~~~~~~~~~~~~~~~
      |                                                         rb_make_exception
conftest.c:16:57: Anmerkung: jeder nicht deklarierte Bezeichner wird nur einmal für jede Funktion, in der er vorkommt, gemeldet
checked program was:
/* begin */
 1: #include "ruby.h"
 2: 
 3: #include <ruby.h>
 4: 
 5: /*top*/
 6: extern int t(void);
 7: int main(int argc, char **argv)
 8: {
 9:   if (argc > 1000000) {
10:     int (* volatile tp)(void)=(int (*)(void))&t;
11:     printf("%d", (*tp)());
12:   }
13: 
14:   return !!argv[argc];
15: }
16: int t(void) { void ((*volatile p)()); p = (void ((*)()))rb_opts_exception_p; return !p; }
/* end */

LD_LIBRARY_PATH=.:/usr/lib ASAN_OPTIONS=detect_leaks=0 "gcc -o conftest -I/usr/include/ruby-3.4.0/x86_64-linux -I/usr/include/ruby-3.4.0/ruby/backward -I/usr/include/ruby-3.4.0 -I.    -march=x86-64 -mtune=generic -O2 -pipe -fno-plt -fexceptions         -Wp,-D_FORTIFY_SOURCE=2 -Wformat -Werror=format-security         -fstack-clash-protection -fcf-protection         -fno-omit-frame-pointer -mno-omit-leaf-frame-pointer -g -ffile-prefix-map=/build/ruby/src=/usr/src/debug/ruby -flto=auto -fPIC conftest.c -L. -L/usr/lib -L. -Wl,-O1 -Wl,--sort-common -Wl,--as-needed -Wl,-z,relro -Wl,-z,now          -Wl,-z,pack-relative-relocs -flto=auto -fstack-protector-strong -rdynamic -Wl,-export-dynamic -Wl,--no-as-needed     -lruby  -lm -lpthread  -lc"
checked program was:
/* begin */
 1: #include "ruby.h"
 2: 
 3: #include <ruby.h>
 4: 
 5: /*top*/
 6: extern int t(void);
 7: int main(int argc, char **argv)
 8: {
 9:   if (argc > 1000000) {
10:     int (* volatile tp)(void)=(int (*)(void))&t;
11:     printf("%d", (*tp)());
12:   }
13: 
14:   return !!argv[argc];
15: }
16: extern void rb_opts_exception_p();
17: int t(void) { rb_opts_exception_p(); return 0; }
/* end */

--------------------

have_func: checking for rb_category_warn() in ruby.h... -------------------- yes

LD_LIBRARY_PATH=.:/usr/lib ASAN_OPTIONS=detect_leaks=0 "gcc -o conftest -I/usr/include/ruby-3.4.0/x86_64-linux -I/usr/include/ruby-3.4.0/ruby/backward -I/usr/include/ruby-3.4.0 -I.    -march=x86-64 -mtune=generic -O2 -pipe -fno-plt -fexceptions         -Wp,-D_FORTIFY_SOURCE=2 -Wformat -Werror=format-security         -fstack-clash-protection -fcf-protection         -fno-omit-frame-pointer -mno-omit-leaf-frame-pointer -g -ffile-prefix-map=/build/ruby/src=/usr/src/debug/ruby -flto=auto -fPIC conftest.c -L. -L/usr/lib -L. -Wl,-O1 -Wl,--sort-common -Wl,--as-needed -Wl,-z,relro -Wl,-z,now          -Wl,-z,pack-relative-relocs -flto=auto -fstack-protector-strong -rdynamic -Wl,-export-dynamic -Wl,--no-as-needed     -lruby  -lm -lpthread  -lc"
checked program was:
/* begin */
 1: #include "ruby.h"
 2: 
 3: #include <ruby.h>
 4: 
 5: /*top*/
 6: extern int t(void);
 7: int main(int argc, char **argv)
 8: {
 9:   if (argc > 1000000) {
10:     int (* volatile tp)(void)=(int (*)(void))&t;
11:     printf("%d", (*tp)());
12:   }
13: 
14:   return !!argv[argc];
15: }
16: int t(void) { void ((*volatile p)()); p = (void ((*)()))rb_category_warn; return !p; }
/* end */

--------------------

have_const: checking for RB_WARN_CATEGORY_DEPRECATED in ruby.h... -------------------- yes

LD_LIBRARY_PATH=.:/usr/lib ASAN_OPTIONS=detect_leaks=0 "gcc -I/usr/include/ruby-3.4.0/x86_64-linux -I/usr/include/ruby-3.4.0/ruby/backward -I/usr/include/ruby-3.4.0 -I.    -march=x86-64 -mtune=generic -O2 -pipe -fno-plt -fexceptions         -Wp,-D_FORTIFY_SOURCE=2 -Wformat -Werror=format-security         -fstack-clash-protection -fcf-protection         -fno-omit-frame-pointer -mno-omit-leaf-frame-pointer -g -ffile-prefix-map=/build/ruby/src=/usr/src/debug/ruby -flto=auto -fPIC   -c conftest.c"
checked program was:
/* begin */
1: #include "ruby.h"
2: 
3: #include <ruby.h>
4: 
5: /*top*/
6: typedef int conftest_type;
7: conftest_type conftestval = (int)RB_WARN_CATEGORY_DEPRECATED;
/* end */

--------------------

